00:00:02.738 200 GET /api/health-check with 15 bytes took 1ms
00:00:32.923 200 GET /api/health-check with 15 bytes took 0ms
00:01:03.097 200 GET /api/health-check with 15 bytes took 0ms
00:01:33.251 200 GET /api/health-check with 15 bytes took 0ms
00:02:03.408 200 GET /api/health-check with 15 bytes took 0ms
00:02:33.623 200 GET /api/health-check with 15 bytes took 0ms
00:03:03.800 200 GET /api/health-check with 15 bytes took 0ms
00:03:33.975 200 GET /api/health-check with 15 bytes took 0ms
00:04:04.131 200 GET /api/health-check with 15 bytes took 0ms
00:04:34.344 200 GET /api/health-check with 15 bytes took 0ms
00:05:04.501 200 GET /api/health-check with 15 bytes took 0ms
00:05:34.663 200 GET /api/health-check with 15 bytes took 0ms
00:06:04.817 200 GET /api/health-check with 15 bytes took 1ms
00:06:34.980 200 GET /api/health-check with 15 bytes took 1ms
00:07:05.159 200 GET /api/health-check with 15 bytes took 1ms
00:07:35.335 200 GET /api/health-check with 15 bytes took 0ms
00:08:05.504 200 GET /api/health-check with 15 bytes took 0ms
00:08:35.655 200 GET /api/health-check with 15 bytes took 0ms
00:09:05.823 200 GET /api/health-check with 15 bytes took 0ms
00:09:35.980 200 GET /api/health-check with 15 bytes took 0ms
00:10:06.212 200 GET /api/health-check with 15 bytes took 0ms
00:10:36.385 200 GET /api/health-check with 15 bytes took 0ms
00:11:06.543 200 GET /api/health-check with 15 bytes took 0ms
00:11:36.717 200 GET /api/health-check with 15 bytes took 1ms
00:12:06.870 200 GET /api/health-check with 15 bytes took 1ms
00:12:37.051 200 GET /api/health-check with 15 bytes took 0ms
00:13:07.218 200 GET /api/health-check with 15 bytes took 1ms
00:13:37.392 200 GET /api/health-check with 15 bytes took 1ms
00:14:07.558 200 GET /api/health-check with 15 bytes took 0ms
00:14:37.758 200 GET /api/health-check with 15 bytes took 1ms
00:15:07.942 200 GET /api/health-check with 15 bytes took 0ms
00:15:38.096 200 GET /api/health-check with 15 bytes took 0ms
00:16:08.265 200 GET /api/health-check with 15 bytes took 0ms
00:16:38.433 200 GET /api/health-check with 15 bytes took 1ms
00:17:08.582 200 GET /api/health-check with 15 bytes took 0ms
00:17:38.751 200 GET /api/health-check with 15 bytes took 0ms
00:18:08.907 200 GET /api/health-check with 15 bytes took 0ms
00:18:39.071 200 GET /api/health-check with 15 bytes took 0ms
00:19:09.273 200 GET /api/health-check with 15 bytes took 0ms
00:19:39.428 200 GET /api/health-check with 15 bytes took 0ms
00:20:09.592 200 GET /api/health-check with 15 bytes took 0ms
00:20:39.755 200 GET /api/health-check with 15 bytes took 0ms
00:21:09.914 200 GET /api/health-check with 15 bytes took 0ms
00:21:40.075 200 GET /api/health-check with 15 bytes took 0ms
00:22:10.243 200 GET /api/health-check with 15 bytes took 1ms
00:22:40.413 200 GET /api/health-check with 15 bytes took 1ms
00:23:10.585 200 GET /api/health-check with 15 bytes took 0ms
00:23:40.768 200 GET /api/health-check with 15 bytes took 0ms
00:24:11.078 200 GET /api/health-check with 15 bytes took 0ms
00:24:41.239 200 GET /api/health-check with 15 bytes took 0ms
00:25:11.396 200 GET /api/health-check with 15 bytes took 0ms
00:25:41.574 200 GET /api/health-check with 15 bytes took 1ms
00:26:11.703 200 GET /api/health-check with 15 bytes took 0ms
00:26:41.853 200 GET /api/health-check with 15 bytes took 0ms
00:27:12.031 200 GET /api/health-check with 15 bytes took 0ms
00:27:42.206 200 GET /api/health-check with 15 bytes took 0ms
00:28:12.371 200 GET /api/health-check with 15 bytes took 0ms
00:28:42.541 200 GET /api/health-check with 15 bytes took 0ms
00:29:12.701 200 GET /api/health-check with 15 bytes took 0ms
00:29:42.903 200 GET /api/health-check with 15 bytes took 0ms
00:30:13.046 200 GET /api/health-check with 15 bytes took 0ms
00:30:43.210 200 GET /api/health-check with 15 bytes took 0ms
00:31:13.377 200 GET /api/health-check with 15 bytes took 0ms
00:31:43.537 200 GET /api/health-check with 15 bytes took 1ms
00:32:13.718 200 GET /api/health-check with 15 bytes took 0ms
00:32:43.898 200 GET /api/health-check with 15 bytes took 0ms
00:32:58.328 Table counts: notes: 429, revisions: 18, attachments: 18, branches: 443, attributes: 751, etapi_tokens: 0, blobs: 146
00:32:58.363 All consistency checks passed with no errors detected (took 42ms)
00:33:14.081 200 GET /api/health-check with 15 bytes took 0ms
00:33:44.246 200 GET /api/health-check with 15 bytes took 0ms
00:34:14.418 200 GET /api/health-check with 15 bytes took 1ms
00:34:44.569 200 GET /api/health-check with 15 bytes took 0ms
00:35:14.743 200 GET /api/health-check with 15 bytes took 0ms
00:35:44.932 200 GET /api/health-check with 15 bytes took 0ms
00:36:15.105 200 GET /api/health-check with 15 bytes took 1ms
00:36:45.298 200 GET /api/health-check with 15 bytes took 1ms
00:37:15.453 200 GET /api/health-check with 15 bytes took 0ms
00:37:45.635 200 GET /api/health-check with 15 bytes took 1ms
00:38:15.879 200 GET /api/health-check with 15 bytes took 0ms
00:38:46.047 200 GET /api/health-check with 15 bytes took 0ms
00:39:16.212 200 GET /api/health-check with 15 bytes took 0ms
00:39:46.375 200 GET /api/health-check with 15 bytes took 0ms
00:40:16.538 200 GET /api/health-check with 15 bytes took 0ms
00:40:46.688 200 GET /api/health-check with 15 bytes took 0ms
00:41:16.893 200 GET /api/health-check with 15 bytes took 1ms
00:41:47.050 200 GET /api/health-check with 15 bytes took 0ms
00:42:17.228 200 GET /api/health-check with 15 bytes took 1ms
00:42:47.383 200 GET /api/health-check with 15 bytes took 0ms
00:43:17.580 200 GET /api/health-check with 15 bytes took 0ms
00:43:47.740 200 GET /api/health-check with 15 bytes took 0ms
00:44:17.927 200 GET /api/health-check with 15 bytes took 0ms
00:44:48.118 200 GET /api/health-check with 15 bytes took 0ms
00:45:18.282 200 GET /api/health-check with 15 bytes took 0ms
00:45:48.452 200 GET /api/health-check with 15 bytes took 0ms
00:46:18.610 200 GET /api/health-check with 15 bytes took 0ms
00:46:48.778 200 GET /api/health-check with 15 bytes took 0ms
00:47:18.973 200 GET /api/health-check with 15 bytes took 0ms
00:47:49.138 200 GET /api/health-check with 15 bytes took 0ms
00:48:19.308 200 GET /api/health-check with 15 bytes took 1ms
00:48:49.523 200 GET /api/health-check with 15 bytes took 0ms
00:49:19.674 200 GET /api/health-check with 15 bytes took 0ms
00:49:49.852 200 GET /api/health-check with 15 bytes took 1ms
00:50:20.008 200 GET /api/health-check with 15 bytes took 0ms
00:50:50.163 200 GET /api/health-check with 15 bytes took 0ms
00:51:20.332 200 GET /api/health-check with 15 bytes took 1ms
00:51:50.490 200 GET /api/health-check with 15 bytes took 0ms
00:52:20.690 200 GET /api/health-check with 15 bytes took 0ms
00:52:50.863 200 GET /api/health-check with 15 bytes took 0ms
00:53:21.050 200 GET /api/health-check with 15 bytes took 1ms
00:53:51.213 200 GET /api/health-check with 15 bytes took 1ms
00:54:21.380 200 GET /api/health-check with 15 bytes took 0ms
00:54:51.544 200 GET /api/health-check with 15 bytes took 0ms
00:55:21.695 200 GET /api/health-check with 15 bytes took 0ms
00:55:51.852 200 GET /api/health-check with 15 bytes took 0ms
00:56:22.035 200 GET /api/health-check with 15 bytes took 0ms
00:56:52.243 200 GET /api/health-check with 15 bytes took 1ms
00:57:22.416 200 GET /api/health-check with 15 bytes took 0ms
00:57:52.586 200 GET /api/health-check with 15 bytes took 1ms
00:58:22.749 200 GET /api/health-check with 15 bytes took 0ms
00:58:52.916 200 GET /api/health-check with 15 bytes took 0ms
00:59:23.088 200 GET /api/health-check with 15 bytes took 0ms
00:59:53.251 200 GET /api/health-check with 15 bytes took 0ms
01:00:23.423 200 GET /api/health-check with 15 bytes took 0ms
01:00:53.579 200 GET /api/health-check with 15 bytes took 0ms
01:01:23.786 200 GET /api/health-check with 15 bytes took 0ms
01:01:53.942 200 GET /api/health-check with 15 bytes took 1ms
01:02:24.094 200 GET /api/health-check with 15 bytes took 0ms
01:02:54.275 200 GET /api/health-check with 15 bytes took 0ms
01:03:24.464 200 GET /api/health-check with 15 bytes took 0ms
01:03:54.628 200 GET /api/health-check with 15 bytes took 0ms
01:04:24.790 200 GET /api/health-check with 15 bytes took 0ms
01:04:54.962 200 GET /api/health-check with 15 bytes took 0ms
01:05:25.120 200 GET /api/health-check with 15 bytes took 1ms
01:05:55.292 200 GET /api/health-check with 15 bytes took 0ms
01:06:25.553 200 GET /api/health-check with 15 bytes took 0ms
01:06:55.707 200 GET /api/health-check with 15 bytes took 0ms
01:07:25.873 200 GET /api/health-check with 15 bytes took 0ms
01:07:56.037 200 GET /api/health-check with 15 bytes took 1ms
01:08:26.207 200 GET /api/health-check with 15 bytes took 0ms
01:08:56.372 200 GET /api/health-check with 15 bytes took 0ms
01:09:26.546 200 GET /api/health-check with 15 bytes took 0ms
01:09:56.718 200 GET /api/health-check with 15 bytes took 0ms
01:10:26.888 200 GET /api/health-check with 15 bytes took 0ms
01:10:57.050 200 GET /api/health-check with 15 bytes took 1ms
01:11:27.207 200 GET /api/health-check with 15 bytes took 0ms
01:11:57.384 200 GET /api/health-check with 15 bytes took 0ms
01:12:27.569 200 GET /api/health-check with 15 bytes took 1ms
01:12:57.743 200 GET /api/health-check with 15 bytes took 0ms
01:13:27.918 200 GET /api/health-check with 15 bytes took 0ms
01:13:58.074 200 GET /api/health-check with 15 bytes took 0ms
01:14:28.228 200 GET /api/health-check with 15 bytes took 1ms
01:14:58.374 200 GET /api/health-check with 15 bytes took 0ms
01:15:28.538 200 GET /api/health-check with 15 bytes took 0ms
01:15:58.706 200 GET /api/health-check with 15 bytes took 0ms
01:16:28.872 200 GET /api/health-check with 15 bytes took 0ms
01:16:59.045 200 GET /api/health-check with 15 bytes took 1ms
01:17:29.230 200 GET /api/health-check with 15 bytes took 0ms
01:17:59.382 200 GET /api/health-check with 15 bytes took 0ms
01:18:29.531 200 GET /api/health-check with 15 bytes took 0ms
01:18:59.702 200 GET /api/health-check with 15 bytes took 0ms
01:19:29.853 200 GET /api/health-check with 15 bytes took 0ms
01:20:00.023 200 GET /api/health-check with 15 bytes took 0ms
01:20:30.288 200 GET /api/health-check with 15 bytes took 1ms
01:21:00.454 200 GET /api/health-check with 15 bytes took 1ms
01:21:30.626 200 GET /api/health-check with 15 bytes took 1ms
01:22:00.789 200 GET /api/health-check with 15 bytes took 0ms
01:22:30.937 200 GET /api/health-check with 15 bytes took 1ms
01:23:01.086 200 GET /api/health-check with 15 bytes took 0ms
01:23:31.251 200 GET /api/health-check with 15 bytes took 0ms
01:24:01.418 200 GET /api/health-check with 15 bytes took 0ms
01:24:31.608 200 GET /api/health-check with 15 bytes took 1ms
01:25:01.775 200 GET /api/health-check with 15 bytes took 1ms
01:25:31.989 200 GET /api/health-check with 15 bytes took 0ms
01:26:02.163 200 GET /api/health-check with 15 bytes took 0ms
01:26:32.315 200 GET /api/health-check with 15 bytes took 0ms
01:27:02.481 200 GET /api/health-check with 15 bytes took 1ms
01:27:32.628 200 GET /api/health-check with 15 bytes took 0ms
01:28:02.809 200 GET /api/health-check with 15 bytes took 0ms
01:28:32.975 200 GET /api/health-check with 15 bytes took 0ms
01:29:03.145 200 GET /api/health-check with 15 bytes took 0ms
01:29:33.369 200 GET /api/health-check with 15 bytes took 1ms
01:30:03.525 200 GET /api/health-check with 15 bytes took 1ms
01:30:33.700 200 GET /api/health-check with 15 bytes took 1ms
01:31:03.866 200 GET /api/health-check with 15 bytes took 0ms
01:31:34.039 200 GET /api/health-check with 15 bytes took 0ms
01:32:04.199 200 GET /api/health-check with 15 bytes took 0ms
01:32:34.365 200 GET /api/health-check with 15 bytes took 1ms
01:32:58.334 Table counts: notes: 429, revisions: 18, attachments: 18, branches: 443, attributes: 751, etapi_tokens: 0, blobs: 146
01:32:58.370 All consistency checks passed with no errors detected (took 40ms)
01:33:04.528 200 GET /api/health-check with 15 bytes took 0ms
01:33:34.688 200 GET /api/health-check with 15 bytes took 0ms
01:34:04.869 200 GET /api/health-check with 15 bytes took 0ms
01:34:35.092 200 GET /api/health-check with 15 bytes took 1ms
01:35:05.279 200 GET /api/health-check with 15 bytes took 1ms
01:35:35.463 200 GET /api/health-check with 15 bytes took 1ms
01:36:05.622 200 GET /api/health-check with 15 bytes took 0ms
01:36:35.796 200 GET /api/health-check with 15 bytes took 0ms
01:37:05.956 200 GET /api/health-check with 15 bytes took 0ms
01:37:36.122 200 GET /api/health-check with 15 bytes took 0ms
01:38:06.313 200 GET /api/health-check with 15 bytes took 0ms
01:38:36.493 200 GET /api/health-check with 15 bytes took 0ms
01:39:06.659 200 GET /api/health-check with 15 bytes took 0ms
01:39:36.874 200 GET /api/health-check with 15 bytes took 0ms
01:40:07.040 200 GET /api/health-check with 15 bytes took 0ms
01:40:37.198 200 GET /api/health-check with 15 bytes took 0ms
01:41:07.357 200 GET /api/health-check with 15 bytes took 0ms
01:41:37.530 200 GET /api/health-check with 15 bytes took 0ms
01:42:07.675 200 GET /api/health-check with 15 bytes took 1ms
01:42:37.835 200 GET /api/health-check with 15 bytes took 0ms
01:43:07.992 200 GET /api/health-check with 15 bytes took 1ms
01:43:38.198 200 GET /api/health-check with 15 bytes took 0ms
01:44:08.443 200 GET /api/health-check with 15 bytes took 0ms
01:44:38.604 200 GET /api/health-check with 15 bytes took 1ms
01:45:08.754 200 GET /api/health-check with 15 bytes took 0ms
01:45:38.912 200 GET /api/health-check with 15 bytes took 0ms
01:46:09.097 200 GET /api/health-check with 15 bytes took 0ms
01:46:39.252 200 GET /api/health-check with 15 bytes took 0ms
01:47:09.403 200 GET /api/health-check with 15 bytes took 0ms
01:47:39.582 200 GET /api/health-check with 15 bytes took 0ms
01:48:09.771 200 GET /api/health-check with 15 bytes took 1ms
01:48:39.958 200 GET /api/health-check with 15 bytes took 1ms
01:49:10.125 200 GET /api/health-check with 15 bytes took 0ms
01:49:40.286 200 GET /api/health-check with 15 bytes took 0ms
01:50:10.430 200 GET /api/health-check with 15 bytes took 0ms
01:50:40.604 200 GET /api/health-check with 15 bytes took 0ms
01:51:10.759 200 GET /api/health-check with 15 bytes took 0ms
01:51:40.923 200 GET /api/health-check with 15 bytes took 1ms
01:52:11.081 200 GET /api/health-check with 15 bytes took 0ms
01:52:41.255 200 GET /api/health-check with 15 bytes took 0ms
01:53:11.408 200 GET /api/health-check with 15 bytes took 0ms
01:53:41.579 200 GET /api/health-check with 15 bytes took 1ms
01:54:11.741 200 GET /api/health-check with 15 bytes took 0ms
01:54:41.933 200 GET /api/health-check with 15 bytes took 0ms
01:55:12.096 200 GET /api/health-check with 15 bytes took 1ms
01:55:42.279 200 GET /api/health-check with 15 bytes took 1ms
01:56:12.455 200 GET /api/health-check with 15 bytes took 0ms
01:56:42.605 200 GET /api/health-check with 15 bytes took 0ms
01:57:12.794 200 GET /api/health-check with 15 bytes took 0ms
01:57:42.951 200 GET /api/health-check with 15 bytes took 0ms
01:58:13.135 200 GET /api/health-check with 15 bytes took 0ms
01:58:43.298 200 GET /api/health-check with 15 bytes took 0ms
01:59:13.479 200 GET /api/health-check with 15 bytes took 0ms
01:59:43.644 200 GET /api/health-check with 15 bytes took 1ms
02:00:13.809 200 GET /api/health-check with 15 bytes took 0ms
02:00:43.965 200 GET /api/health-check with 15 bytes took 0ms
02:01:14.129 200 GET /api/health-check with 15 bytes took 0ms
02:01:44.300 200 GET /api/health-check with 15 bytes took 0ms
02:02:14.484 200 GET /api/health-check with 15 bytes took 0ms
02:02:44.692 200 GET /api/health-check with 15 bytes took 0ms
02:03:14.850 200 GET /api/health-check with 15 bytes took 0ms
02:03:45.024 200 GET /api/health-check with 15 bytes took 0ms
02:04:15.193 200 GET /api/health-check with 15 bytes took 0ms
02:04:45.338 200 GET /api/health-check with 15 bytes took 0ms
02:05:15.495 200 GET /api/health-check with 15 bytes took 0ms
02:05:45.659 200 GET /api/health-check with 15 bytes took 1ms
02:06:15.817 200 GET /api/health-check with 15 bytes took 1ms
02:06:46.004 200 GET /api/health-check with 15 bytes took 0ms
02:07:16.195 200 GET /api/health-check with 15 bytes took 1ms
02:07:46.365 200 GET /api/health-check with 15 bytes took 0ms
02:08:16.531 200 GET /api/health-check with 15 bytes took 0ms
02:08:46.714 200 GET /api/health-check with 15 bytes took 1ms
02:09:16.885 200 GET /api/health-check with 15 bytes took 0ms
02:09:47.061 200 GET /api/health-check with 15 bytes took 0ms
02:10:17.236 200 GET /api/health-check with 15 bytes took 0ms
02:10:47.394 200 GET /api/health-check with 15 bytes took 0ms
02:11:17.550 200 GET /api/health-check with 15 bytes took 1ms
02:11:47.758 200 GET /api/health-check with 15 bytes took 0ms
02:12:17.911 200 GET /api/health-check with 15 bytes took 0ms
02:12:48.088 200 GET /api/health-check with 15 bytes took 0ms
02:13:18.247 200 GET /api/health-check with 15 bytes took 0ms
02:13:48.399 200 GET /api/health-check with 15 bytes took 0ms
02:14:18.562 200 GET /api/health-check with 15 bytes took 0ms
02:14:48.720 200 GET /api/health-check with 15 bytes took 0ms
02:15:18.887 200 GET /api/health-check with 15 bytes took 1ms
02:15:49.048 200 GET /api/health-check with 15 bytes took 0ms
02:16:19.224 200 GET /api/health-check with 15 bytes took 1ms
02:16:49.479 200 GET /api/health-check with 15 bytes took 1ms
02:17:19.642 200 GET /api/health-check with 15 bytes took 0ms
02:17:49.843 200 GET /api/health-check with 15 bytes took 0ms
02:18:20.011 200 GET /api/health-check with 15 bytes took 0ms
02:18:50.188 200 GET /api/health-check with 15 bytes took 0ms
02:19:20.337 200 GET /api/health-check with 15 bytes took 0ms
02:19:50.496 200 GET /api/health-check with 15 bytes took 0ms
02:20:20.655 200 GET /api/health-check with 15 bytes took 0ms
02:20:50.822 200 GET /api/health-check with 15 bytes took 0ms
02:21:20.988 200 GET /api/health-check with 15 bytes took 1ms
02:21:51.184 200 GET /api/health-check with 15 bytes took 1ms
02:22:21.350 200 GET /api/health-check with 15 bytes took 0ms
02:22:51.511 200 GET /api/health-check with 15 bytes took 0ms
02:23:21.678 200 GET /api/health-check with 15 bytes took 0ms
02:23:51.854 200 GET /api/health-check with 15 bytes took 0ms
02:24:22.030 200 GET /api/health-check with 15 bytes took 1ms
02:24:52.189 200 GET /api/health-check with 15 bytes took 0ms
02:25:22.358 200 GET /api/health-check with 15 bytes took 1ms
02:25:52.524 200 GET /api/health-check with 15 bytes took 0ms
02:26:22.682 200 GET /api/health-check with 15 bytes took 1ms
02:26:52.849 200 GET /api/health-check with 15 bytes took 0ms
02:27:23.007 200 GET /api/health-check with 15 bytes took 0ms
02:27:53.182 200 GET /api/health-check with 15 bytes took 0ms
02:28:23.345 200 GET /api/health-check with 15 bytes took 0ms
02:28:53.489 200 GET /api/health-check with 15 bytes took 1ms
02:29:23.635 200 GET /api/health-check with 15 bytes took 0ms
02:29:53.809 200 GET /api/health-check with 15 bytes took 0ms
02:30:23.994 200 GET /api/health-check with 15 bytes took 1ms
02:30:54.294 200 GET /api/health-check with 15 bytes took 0ms
02:31:24.463 200 GET /api/health-check with 15 bytes took 1ms
02:31:54.617 200 GET /api/health-check with 15 bytes took 0ms
02:32:24.764 200 GET /api/health-check with 15 bytes took 1ms
02:32:54.924 200 GET /api/health-check with 15 bytes took 0ms
02:32:57.900 Creating backup...
02:32:58.049 Created backup at /home/node/trilium-data/backup/backup-daily.db
02:32:58.334 Table counts: notes: 429, revisions: 18, attachments: 18, branches: 443, attributes: 751, etapi_tokens: 0, blobs: 146
02:32:58.365 All consistency checks passed with no errors detected (took 36ms)
02:33:25.076 200 GET /api/health-check with 15 bytes took 1ms
02:33:55.228 200 GET /api/health-check with 15 bytes took 0ms
02:34:25.396 200 GET /api/health-check with 15 bytes took 0ms
02:34:55.563 200 GET /api/health-check with 15 bytes took 1ms
02:35:25.721 200 GET /api/health-check with 15 bytes took 0ms
02:35:55.917 200 GET /api/health-check with 15 bytes took 0ms
02:36:26.097 200 GET /api/health-check with 15 bytes took 0ms
02:36:56.278 200 GET /api/health-check with 15 bytes took 0ms
02:37:26.435 200 GET /api/health-check with 15 bytes took 0ms
02:37:56.589 200 GET /api/health-check with 15 bytes took 1ms
02:38:26.770 200 GET /api/health-check with 15 bytes took 0ms
02:38:56.935 200 GET /api/health-check with 15 bytes took 0ms
02:39:27.104 200 GET /api/health-check with 15 bytes took 1ms
02:39:57.270 200 GET /api/health-check with 15 bytes took 0ms
02:40:27.441 200 GET /api/health-check with 15 bytes took 1ms
02:40:57.607 200 GET /api/health-check with 15 bytes took 1ms
02:41:27.768 200 GET /api/health-check with 15 bytes took 0ms
02:41:57.933 200 GET /api/health-check with 15 bytes took 0ms
02:42:28.087 200 GET /api/health-check with 15 bytes took 0ms
02:42:58.247 200 GET /api/health-check with 15 bytes took 0ms
02:43:28.410 200 GET /api/health-check with 15 bytes took 0ms
02:43:58.564 200 GET /api/health-check with 15 bytes took 0ms
02:44:28.716 200 GET /api/health-check with 15 bytes took 0ms
02:44:58.897 200 GET /api/health-check with 15 bytes took 0ms
02:45:29.065 200 GET /api/health-check with 15 bytes took 0ms
02:45:59.228 200 GET /api/health-check with 15 bytes took 0ms
02:46:29.370 200 GET /api/health-check with 15 bytes took 0ms
02:46:59.521 200 GET /api/health-check with 15 bytes took 0ms
02:47:29.674 200 GET /api/health-check with 15 bytes took 0ms
02:47:59.815 200 GET /api/health-check with 15 bytes took 0ms
02:48:29.967 200 GET /api/health-check with 15 bytes took 0ms
02:49:00.213 200 GET /api/health-check with 15 bytes took 0ms
02:49:30.423 200 GET /api/health-check with 15 bytes took 0ms
02:50:00.577 200 GET /api/health-check with 15 bytes took 0ms
02:50:30.713 200 GET /api/health-check with 15 bytes took 1ms
02:51:00.876 200 GET /api/health-check with 15 bytes took 0ms
02:51:31.050 200 GET /api/health-check with 15 bytes took 0ms
02:52:01.220 200 GET /api/health-check with 15 bytes took 0ms
02:52:31.392 200 GET /api/health-check with 15 bytes took 0ms
02:53:01.561 200 GET /api/health-check with 15 bytes took 0ms
02:53:31.723 200 GET /api/health-check with 15 bytes took 0ms
02:54:01.892 200 GET /api/health-check with 15 bytes took 1ms
02:54:32.057 200 GET /api/health-check with 15 bytes took 1ms
02:55:02.226 200 GET /api/health-check with 15 bytes took 0ms
02:55:32.407 200 GET /api/health-check with 15 bytes took 1ms
02:56:02.572 200 GET /api/health-check with 15 bytes took 0ms
02:56:32.716 200 GET /api/health-check with 15 bytes took 0ms
02:57:02.865 200 GET /api/health-check with 15 bytes took 1ms
02:57:33.053 200 GET /api/health-check with 15 bytes took 1ms
02:58:03.222 200 GET /api/health-check with 15 bytes took 1ms
02:58:33.398 200 GET /api/health-check with 15 bytes took 0ms
02:59:03.589 200 GET /api/health-check with 15 bytes took 1ms
02:59:33.790 200 GET /api/health-check with 15 bytes took 1ms
03:00:03.965 200 GET /api/health-check with 15 bytes took 0ms
03:00:34.114 200 GET /api/health-check with 15 bytes took 0ms
03:01:04.280 200 GET /api/health-check with 15 bytes took 0ms
03:01:34.467 200 GET /api/health-check with 15 bytes took 0ms
03:02:04.617 200 GET /api/health-check with 15 bytes took 0ms
03:02:34.778 200 GET /api/health-check with 15 bytes took 0ms
03:03:04.965 200 GET /api/health-check with 15 bytes took 0ms
03:03:35.209 200 GET /api/health-check with 15 bytes took 1ms
03:04:05.350 200 GET /api/health-check with 15 bytes took 0ms
03:04:35.528 200 GET /api/health-check with 15 bytes took 0ms
03:05:05.689 200 GET /api/health-check with 15 bytes took 1ms
03:05:35.850 200 GET /api/health-check with 15 bytes took 0ms
03:06:06.016 200 GET /api/health-check with 15 bytes took 0ms
03:06:36.182 200 GET /api/health-check with 15 bytes took 0ms
03:07:06.344 200 GET /api/health-check with 15 bytes took 0ms
03:07:36.499 200 GET /api/health-check with 15 bytes took 1ms
03:08:06.665 200 GET /api/health-check with 15 bytes took 1ms
03:08:36.823 200 GET /api/health-check with 15 bytes took 0ms
03:09:07.002 200 GET /api/health-check with 15 bytes took 1ms
03:09:37.154 200 GET /api/health-check with 15 bytes took 0ms
03:10:07.328 200 GET /api/health-check with 15 bytes took 0ms
03:10:37.491 200 GET /api/health-check with 15 bytes took 0ms
03:11:07.670 200 GET /api/health-check with 15 bytes took 0ms
03:11:37.836 200 GET /api/health-check with 15 bytes took 0ms
03:12:08.011 200 GET /api/health-check with 15 bytes took 1ms
03:12:38.169 200 GET /api/health-check with 15 bytes took 0ms
03:13:08.330 200 GET /api/health-check with 15 bytes took 0ms
03:13:38.489 200 GET /api/health-check with 15 bytes took 0ms
03:14:08.664 200 GET /api/health-check with 15 bytes took 0ms
03:14:38.840 200 GET /api/health-check with 15 bytes took 0ms
03:15:08.986 200 GET /api/health-check with 15 bytes took 0ms
03:15:39.147 200 GET /api/health-check with 15 bytes took 0ms
03:16:09.327 200 GET /api/health-check with 15 bytes took 1ms
03:16:39.481 200 GET /api/health-check with 15 bytes took 1ms
03:17:09.638 200 GET /api/health-check with 15 bytes took 0ms
03:17:39.789 200 GET /api/health-check with 15 bytes took 0ms
03:18:09.935 200 GET /api/health-check with 15 bytes took 0ms
03:18:40.108 200 GET /api/health-check with 15 bytes took 0ms
03:19:10.266 200 GET /api/health-check with 15 bytes took 0ms
03:19:40.437 200 GET /api/health-check with 15 bytes took 0ms
03:20:10.592 200 GET /api/health-check with 15 bytes took 0ms
03:20:40.768 200 GET /api/health-check with 15 bytes took 0ms
03:21:10.912 200 GET /api/health-check with 15 bytes took 1ms
03:21:41.074 200 GET /api/health-check with 15 bytes took 0ms
03:22:11.268 200 GET /api/health-check with 15 bytes took 0ms
03:22:41.439 200 GET /api/health-check with 15 bytes took 1ms
03:23:11.618 200 GET /api/health-check with 15 bytes took 0ms
03:23:41.771 200 GET /api/health-check with 15 bytes took 0ms
03:24:11.939 200 GET /api/health-check with 15 bytes took 0ms
03:24:42.126 200 GET /api/health-check with 15 bytes took 0ms
03:25:12.274 200 GET /api/health-check with 15 bytes took 0ms
03:25:42.437 200 GET /api/health-check with 15 bytes took 0ms
03:26:12.585 200 GET /api/health-check with 15 bytes took 0ms
03:26:42.767 200 GET /api/health-check with 15 bytes took 0ms
03:27:12.948 200 GET /api/health-check with 15 bytes took 0ms
03:27:43.105 200 GET /api/health-check with 15 bytes took 1ms
03:28:13.271 200 GET /api/health-check with 15 bytes took 0ms
03:28:43.445 200 GET /api/health-check with 15 bytes took 1ms
03:29:13.607 200 GET /api/health-check with 15 bytes took 0ms
03:29:43.765 200 GET /api/health-check with 15 bytes took 0ms
03:30:13.931 200 GET /api/health-check with 15 bytes took 0ms
03:30:44.110 200 GET /api/health-check with 15 bytes took 0ms
03:31:14.291 200 GET /api/health-check with 15 bytes took 1ms
03:31:44.471 200 GET /api/health-check with 15 bytes took 0ms
03:32:14.634 200 GET /api/health-check with 15 bytes took 0ms
03:32:44.796 200 GET /api/health-check with 15 bytes took 0ms
03:32:58.345 Table counts: notes: 429, revisions: 18, attachments: 18, branches: 443, attributes: 751, etapi_tokens: 0, blobs: 146
03:32:58.380 All consistency checks passed with no errors detected (took 44ms)
03:33:14.962 200 GET /api/health-check with 15 bytes took 1ms
03:33:45.118 200 GET /api/health-check with 15 bytes took 0ms
03:34:15.293 200 GET /api/health-check with 15 bytes took 1ms
03:34:45.459 200 GET /api/health-check with 15 bytes took 0ms
03:35:15.625 200 GET /api/health-check with 15 bytes took 0ms
03:35:45.775 200 GET /api/health-check with 15 bytes took 0ms
03:36:15.953 200 GET /api/health-check with 15 bytes took 0ms
03:36:46.122 200 GET /api/health-check with 15 bytes took 1ms
03:37:16.289 200 GET /api/health-check with 15 bytes took 0ms
03:37:46.457 200 GET /api/health-check with 15 bytes took 0ms
03:38:16.632 200 GET /api/health-check with 15 bytes took 0ms
03:38:46.782 200 GET /api/health-check with 15 bytes took 0ms
03:39:16.959 200 GET /api/health-check with 15 bytes took 1ms
03:39:47.117 200 GET /api/health-check with 15 bytes took 0ms
03:40:17.288 200 GET /api/health-check with 15 bytes took 1ms
03:40:47.563 200 GET /api/health-check with 15 bytes took 0ms
03:41:17.716 200 GET /api/health-check with 15 bytes took 1ms
03:41:47.882 200 GET /api/health-check with 15 bytes took 0ms
03:42:18.054 200 GET /api/health-check with 15 bytes took 0ms
03:42:48.204 200 GET /api/health-check with 15 bytes took 1ms
03:43:18.354 200 GET /api/health-check with 15 bytes took 0ms
03:43:48.501 200 GET /api/health-check with 15 bytes took 0ms
03:44:18.681 200 GET /api/health-check with 15 bytes took 1ms
03:44:48.843 200 GET /api/health-check with 15 bytes took 0ms
03:45:19.010 200 GET /api/health-check with 15 bytes took 0ms
03:45:49.179 200 GET /api/health-check with 15 bytes took 1ms
03:46:19.334 200 GET /api/health-check with 15 bytes took 0ms
03:46:49.498 200 GET /api/health-check with 15 bytes took 1ms
03:47:19.699 200 GET /api/health-check with 15 bytes took 0ms
03:47:49.844 200 GET /api/health-check with 15 bytes took 0ms
03:48:20.022 200 GET /api/health-check with 15 bytes took 0ms
03:48:50.173 200 GET /api/health-check with 15 bytes took 0ms
03:49:20.348 200 GET /api/health-check with 15 bytes took 0ms
03:49:50.523 200 GET /api/health-check with 15 bytes took 0ms
03:50:20.677 200 GET /api/health-check with 15 bytes took 1ms
03:50:50.862 200 GET /api/health-check with 15 bytes took 1ms
03:51:21.041 200 GET /api/health-check with 15 bytes took 0ms
03:51:51.184 200 GET /api/health-check with 15 bytes took 0ms
03:52:21.352 200 GET /api/health-check with 15 bytes took 0ms
03:52:51.523 200 GET /api/health-check with 15 bytes took 0ms
03:53:21.699 200 GET /api/health-check with 15 bytes took 0ms
03:53:51.868 200 GET /api/health-check with 15 bytes took 1ms
03:54:22.027 200 GET /api/health-check with 15 bytes took 1ms
03:54:52.187 200 GET /api/health-check with 15 bytes took 1ms
03:55:22.345 200 GET /api/health-check with 15 bytes took 0ms
03:55:52.492 200 GET /api/health-check with 15 bytes took 0ms
03:56:22.686 200 GET /api/health-check with 15 bytes took 0ms
03:56:52.839 200 GET /api/health-check with 15 bytes took 0ms
03:57:22.994 200 GET /api/health-check with 15 bytes took 1ms
03:57:53.160 200 GET /api/health-check with 15 bytes took 0ms
03:58:23.329 200 GET /api/health-check with 15 bytes took 1ms
03:58:53.485 200 GET /api/health-check with 15 bytes took 0ms
03:59:23.716 200 GET /api/health-check with 15 bytes took 0ms
03:59:53.867 200 GET /api/health-check with 15 bytes took 0ms
04:00:24.043 200 GET /api/health-check with 15 bytes took 0ms
04:00:54.210 200 GET /api/health-check with 15 bytes took 0ms
04:01:24.382 200 GET /api/health-check with 15 bytes took 0ms
04:01:54.549 200 GET /api/health-check with 15 bytes took 0ms
04:02:24.716 200 GET /api/health-check with 15 bytes took 0ms
04:02:54.886 200 GET /api/health-check with 15 bytes took 0ms
04:03:25.043 200 GET /api/health-check with 15 bytes took 1ms
04:03:55.216 200 GET /api/health-check with 15 bytes took 0ms
04:04:25.373 200 GET /api/health-check with 15 bytes took 0ms
04:04:55.535 200 GET /api/health-check with 15 bytes took 0ms
04:05:25.710 200 GET /api/health-check with 15 bytes took 0ms
04:05:55.856 200 GET /api/health-check with 15 bytes took 0ms
04:06:26.025 200 GET /api/health-check with 15 bytes took 1ms
04:06:56.191 200 GET /api/health-check with 15 bytes took 0ms
04:07:26.347 200 GET /api/health-check with 15 bytes took 1ms
04:07:56.504 200 GET /api/health-check with 15 bytes took 0ms
04:08:26.667 200 GET /api/health-check with 15 bytes took 0ms
04:08:56.838 200 GET /api/health-check with 15 bytes took 0ms
04:09:27.000 200 GET /api/health-check with 15 bytes took 1ms
04:09:57.174 200 GET /api/health-check with 15 bytes took 0ms
04:10:27.344 200 GET /api/health-check with 15 bytes took 0ms
04:10:57.498 200 GET /api/health-check with 15 bytes took 0ms
04:11:27.660 200 GET /api/health-check with 15 bytes took 1ms
04:11:57.821 200 GET /api/health-check with 15 bytes took 0ms
04:12:27.999 200 GET /api/health-check with 15 bytes took 1ms
04:12:58.165 200 GET /api/health-check with 15 bytes took 0ms
04:13:28.340 200 GET /api/health-check with 15 bytes took 0ms
04:13:58.497 200 GET /api/health-check with 15 bytes took 1ms
04:14:28.678 200 GET /api/health-check with 15 bytes took 1ms
04:14:58.832 200 GET /api/health-check with 15 bytes took 0ms
04:15:29.011 200 GET /api/health-check with 15 bytes took 1ms
04:15:59.191 200 GET /api/health-check with 15 bytes took 1ms
04:16:29.355 200 GET /api/health-check with 15 bytes took 0ms
04:16:59.525 200 GET /api/health-check with 15 bytes took 1ms
04:17:29.686 200 GET /api/health-check with 15 bytes took 0ms
04:17:59.945 200 GET /api/health-check with 15 bytes took 0ms
04:18:30.149 200 GET /api/health-check with 15 bytes took 0ms
04:19:00.297 200 GET /api/health-check with 15 bytes took 0ms
04:19:30.465 200 GET /api/health-check with 15 bytes took 1ms
04:20:00.670 200 GET /api/health-check with 15 bytes took 0ms
04:20:30.841 200 GET /api/health-check with 15 bytes took 0ms
04:21:01.009 200 GET /api/health-check with 15 bytes took 0ms
04:21:31.181 200 GET /api/health-check with 15 bytes took 0ms
04:22:01.334 200 GET /api/health-check with 15 bytes took 0ms
04:22:31.537 200 GET /api/health-check with 15 bytes took 1ms
04:23:01.705 200 GET /api/health-check with 15 bytes took 0ms
04:23:31.866 200 GET /api/health-check with 15 bytes took 0ms
04:24:02.023 200 GET /api/health-check with 15 bytes took 1ms
04:24:32.171 200 GET /api/health-check with 15 bytes took 0ms
04:25:02.342 200 GET /api/health-check with 15 bytes took 0ms
04:25:32.506 200 GET /api/health-check with 15 bytes took 0ms
04:26:02.664 200 GET /api/health-check with 15 bytes took 0ms
04:26:32.846 200 GET /api/health-check with 15 bytes took 1ms
04:27:02.995 200 GET /api/health-check with 15 bytes took 1ms
04:27:33.238 200 GET /api/health-check with 15 bytes took 0ms
04:28:03.386 200 GET /api/health-check with 15 bytes took 0ms
04:28:33.536 200 GET /api/health-check with 15 bytes took 1ms
04:29:03.698 200 GET /api/health-check with 15 bytes took 0ms
04:29:33.868 200 GET /api/health-check with 15 bytes took 0ms
04:30:04.028 200 GET /api/health-check with 15 bytes took 1ms
04:30:34.184 200 GET /api/health-check with 15 bytes took 0ms
04:31:04.349 200 GET /api/health-check with 15 bytes took 0ms
04:31:34.524 200 GET /api/health-check with 15 bytes took 1ms
04:32:04.728 200 GET /api/health-check with 15 bytes took 0ms
04:32:34.885 200 GET /api/health-check with 15 bytes took 0ms
04:32:58.347 Table counts: notes: 429, revisions: 18, attachments: 18, branches: 443, attributes: 751, etapi_tokens: 0, blobs: 146
04:32:58.379 All consistency checks passed with no errors detected (took 37ms)
04:33:05.048 200 GET /api/health-check with 15 bytes took 0ms
04:33:35.207 200 GET /api/health-check with 15 bytes took 0ms
04:34:05.358 200 GET /api/health-check with 15 bytes took 0ms
04:34:35.507 200 GET /api/health-check with 15 bytes took 1ms
04:35:05.656 200 GET /api/health-check with 15 bytes took 0ms
04:35:35.815 200 GET /api/health-check with 15 bytes took 0ms
04:36:05.999 200 GET /api/health-check with 15 bytes took 0ms
04:36:36.165 200 GET /api/health-check with 15 bytes took 0ms
04:37:06.318 200 GET /api/health-check with 15 bytes took 0ms
04:37:36.464 200 GET /api/health-check with 15 bytes took 0ms
04:38:06.615 200 GET /api/health-check with 15 bytes took 0ms
04:38:36.821 200 GET /api/health-check with 15 bytes took 0ms
04:39:06.978 200 GET /api/health-check with 15 bytes took 1ms
04:39:37.141 200 GET /api/health-check with 15 bytes took 0ms
04:40:07.295 200 GET /api/health-check with 15 bytes took 0ms
04:40:37.453 200 GET /api/health-check with 15 bytes took 0ms
04:41:07.615 200 GET /api/health-check with 15 bytes took 0ms
04:41:37.765 200 GET /api/health-check with 15 bytes took 0ms
04:42:07.936 200 GET /api/health-check with 15 bytes took 1ms
04:42:38.116 200 GET /api/health-check with 15 bytes took 1ms
04:43:08.285 200 GET /api/health-check with 15 bytes took 0ms
04:43:38.459 200 GET /api/health-check with 15 bytes took 1ms
04:44:08.637 200 GET /api/health-check with 15 bytes took 0ms
04:44:38.798 200 GET /api/health-check with 15 bytes took 1ms
04:45:08.981 200 GET /api/health-check with 15 bytes took 0ms
04:45:39.139 200 GET /api/health-check with 15 bytes took 0ms
04:46:09.312 200 GET /api/health-check with 15 bytes took 0ms
04:46:39.475 200 GET /api/health-check with 15 bytes took 0ms
04:47:09.670 200 GET /api/health-check with 15 bytes took 1ms
04:47:39.843 200 GET /api/health-check with 15 bytes took 1ms
04:48:10.014 200 GET /api/health-check with 15 bytes took 1ms
04:48:40.164 200 GET /api/health-check with 15 bytes took 0ms
04:49:10.323 200 GET /api/health-check with 15 bytes took 0ms
04:49:40.482 200 GET /api/health-check with 15 bytes took 0ms
04:50:10.660 200 GET /api/health-check with 15 bytes took 0ms
04:50:40.873 200 GET /api/health-check with 15 bytes took 1ms
04:51:11.020 200 GET /api/health-check with 15 bytes took 0ms
04:51:41.181 200 GET /api/health-check with 15 bytes took 0ms
04:52:11.330 200 GET /api/health-check with 15 bytes took 0ms
04:52:41.505 200 GET /api/health-check with 15 bytes took 0ms
04:53:11.681 200 GET /api/health-check with 15 bytes took 0ms
04:53:41.844 200 GET /api/health-check with 15 bytes took 0ms
04:54:12.004 200 GET /api/health-check with 15 bytes took 0ms
04:54:42.184 200 GET /api/health-check with 15 bytes took 0ms
04:55:12.417 200 GET /api/health-check with 15 bytes took 0ms
04:55:42.587 200 GET /api/health-check with 15 bytes took 0ms
04:56:12.744 200 GET /api/health-check with 15 bytes took 0ms
04:56:42.900 200 GET /api/health-check with 15 bytes took 0ms
04:57:13.059 200 GET /api/health-check with 15 bytes took 1ms
04:57:43.236 200 GET /api/health-check with 15 bytes took 1ms
04:58:13.399 200 GET /api/health-check with 15 bytes took 0ms
04:58:43.569 200 GET /api/health-check with 15 bytes took 0ms
04:59:13.728 200 GET /api/health-check with 15 bytes took 0ms
04:59:43.898 200 GET /api/health-check with 15 bytes took 0ms
05:00:14.060 200 GET /api/health-check with 15 bytes took 0ms
05:00:44.224 200 GET /api/health-check with 15 bytes took 1ms
05:01:14.391 200 GET /api/health-check with 15 bytes took 0ms
05:01:44.590 200 GET /api/health-check with 15 bytes took 0ms
05:02:14.762 200 GET /api/health-check with 15 bytes took 0ms
05:02:44.928 200 GET /api/health-check with 15 bytes took 0ms
05:03:15.095 200 GET /api/health-check with 15 bytes took 0ms
05:03:45.263 200 GET /api/health-check with 15 bytes took 0ms
05:04:15.429 200 GET /api/health-check with 15 bytes took 1ms
05:04:45.649 200 GET /api/health-check with 15 bytes took 0ms
05:05:15.801 200 GET /api/health-check with 15 bytes took 0ms
05:05:45.972 200 GET /api/health-check with 15 bytes took 0ms
05:06:16.143 200 GET /api/health-check with 15 bytes took 1ms
05:06:46.313 200 GET /api/health-check with 15 bytes took 1ms
05:07:16.506 200 GET /api/health-check with 15 bytes took 0ms
05:07:46.667 200 GET /api/health-check with 15 bytes took 0ms
05:08:16.812 200 GET /api/health-check with 15 bytes took 0ms
05:08:46.991 200 GET /api/health-check with 15 bytes took 1ms
05:09:17.171 200 GET /api/health-check with 15 bytes took 0ms
05:09:47.334 200 GET /api/health-check with 15 bytes took 1ms
05:10:17.512 200 GET /api/health-check with 15 bytes took 1ms
05:10:47.675 200 GET /api/health-check with 15 bytes took 0ms
05:11:17.850 200 GET /api/health-check with 15 bytes took 1ms
05:11:48.013 200 GET /api/health-check with 15 bytes took 0ms
05:12:18.179 200 GET /api/health-check with 15 bytes took 0ms
05:12:48.347 200 GET /api/health-check with 15 bytes took 0ms
05:13:18.514 200 GET /api/health-check with 15 bytes took 1ms
05:13:48.678 200 GET /api/health-check with 15 bytes took 0ms
05:14:18.851 200 GET /api/health-check with 15 bytes took 0ms
05:14:49.005 200 GET /api/health-check with 15 bytes took 1ms
05:15:19.173 200 GET /api/health-check with 15 bytes took 0ms
05:15:49.330 200 GET /api/health-check with 15 bytes took 0ms
05:16:19.496 200 GET /api/health-check with 15 bytes took 0ms
05:16:49.661 200 GET /api/health-check with 15 bytes took 1ms
05:17:19.840 200 GET /api/health-check with 15 bytes took 0ms
05:17:50.015 200 GET /api/health-check with 15 bytes took 1ms
05:18:20.167 200 GET /api/health-check with 15 bytes took 1ms
05:18:50.420 200 GET /api/health-check with 15 bytes took 0ms
05:19:20.575 200 GET /api/health-check with 15 bytes took 0ms
05:19:50.736 200 GET /api/health-check with 15 bytes took 0ms
05:20:20.908 200 GET /api/health-check with 15 bytes took 0ms
05:20:51.088 200 GET /api/health-check with 15 bytes took 0ms
05:21:21.272 200 GET /api/health-check with 15 bytes took 1ms
05:21:51.442 200 GET /api/health-check with 15 bytes took 1ms
05:22:21.609 200 GET /api/health-check with 15 bytes took 0ms
05:22:51.792 200 GET /api/health-check with 15 bytes took 0ms
05:23:21.987 200 GET /api/health-check with 15 bytes took 0ms
05:23:52.163 200 GET /api/health-check with 15 bytes took 0ms
05:24:22.332 200 GET /api/health-check with 15 bytes took 0ms
05:24:52.505 200 GET /api/health-check with 15 bytes took 0ms
05:25:22.668 200 GET /api/health-check with 15 bytes took 0ms
05:25:52.819 200 GET /api/health-check with 15 bytes took 0ms
05:26:22.996 200 GET /api/health-check with 15 bytes took 0ms
05:26:53.153 200 GET /api/health-check with 15 bytes took 1ms
05:27:23.315 200 GET /api/health-check with 15 bytes took 0ms
05:27:53.475 200 GET /api/health-check with 15 bytes took 0ms
05:28:23.643 200 GET /api/health-check with 15 bytes took 0ms
05:28:53.812 200 GET /api/health-check with 15 bytes took 1ms
05:29:24.000 200 GET /api/health-check with 15 bytes took 1ms
05:29:54.173 200 GET /api/health-check with 15 bytes took 0ms
05:30:24.334 200 GET /api/health-check with 15 bytes took 0ms
05:30:54.524 200 GET /api/health-check with 15 bytes took 0ms
05:31:24.681 200 GET /api/health-check with 15 bytes took 0ms
05:31:54.853 200 GET /api/health-check with 15 bytes took 0ms
05:32:25.015 200 GET /api/health-check with 15 bytes took 0ms
05:32:55.215 200 GET /api/health-check with 15 bytes took 0ms
05:32:58.351 Table counts: notes: 429, revisions: 18, attachments: 18, branches: 443, attributes: 751, etapi_tokens: 0, blobs: 146
05:32:58.387 All consistency checks passed with no errors detected (took 42ms)
05:33:25.374 200 GET /api/health-check with 15 bytes took 0ms
05:33:55.544 200 GET /api/health-check with 15 bytes took 0ms
05:34:25.703 200 GET /api/health-check with 15 bytes took 0ms
05:34:55.857 200 GET /api/health-check with 15 bytes took 0ms
05:35:26.044 200 GET /api/health-check with 15 bytes took 0ms
05:35:56.224 200 GET /api/health-check with 15 bytes took 0ms
05:36:26.399 200 GET /api/health-check with 15 bytes took 0ms
05:36:56.566 200 GET /api/health-check with 15 bytes took 0ms
05:37:26.738 200 GET /api/health-check with 15 bytes took 1ms
05:37:56.899 200 GET /api/health-check with 15 bytes took 0ms
05:38:27.083 200 GET /api/health-check with 15 bytes took 0ms
05:38:57.242 200 GET /api/health-check with 15 bytes took 0ms
05:39:27.422 200 GET /api/health-check with 15 bytes took 1ms
05:39:57.579 200 GET /api/health-check with 15 bytes took 0ms
05:40:27.762 200 GET /api/health-check with 15 bytes took 0ms
05:40:57.937 200 GET /api/health-check with 15 bytes took 1ms
05:41:28.109 200 GET /api/health-check with 15 bytes took 0ms
05:41:58.297 200 GET /api/health-check with 15 bytes took 0ms
05:42:28.506 200 GET /api/health-check with 15 bytes took 0ms
05:42:58.674 200 GET /api/health-check with 15 bytes took 0ms
05:43:28.838 200 GET /api/health-check with 15 bytes took 1ms
05:43:58.996 200 GET /api/health-check with 15 bytes took 1ms
05:44:29.211 200 GET /api/health-check with 15 bytes took 0ms
05:44:59.375 200 GET /api/health-check with 15 bytes took 1ms
05:45:29.528 200 GET /api/health-check with 15 bytes took 0ms
05:45:59.695 200 GET /api/health-check with 15 bytes took 0ms
05:46:29.890 200 GET /api/health-check with 15 bytes took 0ms
05:47:00.165 200 GET /api/health-check with 15 bytes took 1ms
05:47:30.340 200 GET /api/health-check with 15 bytes took 1ms
05:48:00.498 200 GET /api/health-check with 15 bytes took 0ms
05:48:30.653 200 GET /api/health-check with 15 bytes took 1ms
05:49:00.804 200 GET /api/health-check with 15 bytes took 0ms
05:49:30.974 200 GET /api/health-check with 15 bytes took 0ms
05:50:01.136 200 GET /api/health-check with 15 bytes took 1ms
05:50:31.309 200 GET /api/health-check with 15 bytes took 0ms
05:51:01.472 200 GET /api/health-check with 15 bytes took 0ms
05:51:31.653 200 GET /api/health-check with 15 bytes took 0ms
05:52:01.818 200 GET /api/health-check with 15 bytes took 0ms
05:52:31.976 200 GET /api/health-check with 15 bytes took 0ms
05:53:02.131 200 GET /api/health-check with 15 bytes took 1ms
05:53:32.295 200 GET /api/health-check with 15 bytes took 0ms
05:54:02.459 200 GET /api/health-check with 15 bytes took 1ms
05:54:32.651 200 GET /api/health-check with 15 bytes took 0ms
05:55:02.836 200 GET /api/health-check with 15 bytes took 0ms
05:55:33.035 200 GET /api/health-check with 15 bytes took 1ms
05:56:03.189 200 GET /api/health-check with 15 bytes took 0ms
05:56:33.495 200 GET /api/health-check with 15 bytes took 0ms
05:57:03.650 200 GET /api/health-check with 15 bytes took 0ms
05:57:33.827 200 GET /api/health-check with 15 bytes took 0ms
05:58:03.969 200 GET /api/health-check with 15 bytes took 1ms
05:58:34.133 200 GET /api/health-check with 15 bytes took 0ms
05:59:04.314 200 GET /api/health-check with 15 bytes took 0ms
05:59:34.482 200 GET /api/health-check with 15 bytes took 0ms
06:00:04.653 200 GET /api/health-check with 15 bytes took 1ms
06:00:34.851 200 GET /api/health-check with 15 bytes took 1ms
06:01:05.062 200 GET /api/health-check with 15 bytes took 0ms
06:01:35.247 200 GET /api/health-check with 15 bytes took 0ms
06:02:05.412 200 GET /api/health-check with 15 bytes took 1ms
06:02:35.565 200 GET /api/health-check with 15 bytes took 0ms
06:03:05.730 200 GET /api/health-check with 15 bytes took 0ms
06:03:35.906 200 GET /api/health-check with 15 bytes took 0ms
06:04:06.082 200 GET /api/health-check with 15 bytes took 1ms
06:04:36.233 200 GET /api/health-check with 15 bytes took 0ms
06:05:06.407 200 GET /api/health-check with 15 bytes took 0ms
06:05:36.616 200 GET /api/health-check with 15 bytes took 0ms
06:06:06.901 200 GET /api/health-check with 15 bytes took 0ms
06:06:37.085 200 GET /api/health-check with 15 bytes took 0ms
06:07:07.246 200 GET /api/health-check with 15 bytes took 1ms
06:07:37.380 200 GET /api/health-check with 15 bytes took 0ms
06:08:07.514 200 GET /api/health-check with 15 bytes took 1ms
06:08:37.677 200 GET /api/health-check with 15 bytes took 1ms
06:09:07.837 200 GET /api/health-check with 15 bytes took 0ms
06:09:37.977 200 GET /api/health-check with 15 bytes took 0ms
06:10:08.166 200 GET /api/health-check with 15 bytes took 0ms
06:10:38.389 200 GET /api/health-check with 15 bytes took 0ms
06:11:08.540 200 GET /api/health-check with 15 bytes took 1ms
06:11:38.695 200 GET /api/health-check with 15 bytes took 0ms
06:12:08.889 200 GET /api/health-check with 15 bytes took 0ms
06:12:39.067 200 GET /api/health-check with 15 bytes took 0ms
06:13:09.216 200 GET /api/health-check with 15 bytes took 0ms
06:13:39.387 200 GET /api/health-check with 15 bytes took 0ms
06:14:09.546 200 GET /api/health-check with 15 bytes took 0ms
06:14:39.713 200 GET /api/health-check with 15 bytes took 0ms
06:15:09.870 200 GET /api/health-check with 15 bytes took 1ms
06:15:40.039 200 GET /api/health-check with 15 bytes took 1ms
06:16:10.224 200 GET /api/health-check with 15 bytes took 1ms
06:16:40.400 200 GET /api/health-check with 15 bytes took 0ms
06:17:10.573 200 GET /api/health-check with 15 bytes took 0ms
06:17:40.733 200 GET /api/health-check with 15 bytes took 0ms
06:18:10.889 200 GET /api/health-check with 15 bytes took 0ms
06:18:41.051 200 GET /api/health-check with 15 bytes took 0ms
06:19:11.209 200 GET /api/health-check with 15 bytes took 0ms
06:19:41.372 200 GET /api/health-check with 15 bytes took 0ms
06:20:11.527 200 GET /api/health-check with 15 bytes took 1ms
06:20:41.699 200 GET /api/health-check with 15 bytes took 0ms
06:21:11.865 200 GET /api/health-check with 15 bytes took 0ms
06:21:42.055 200 GET /api/health-check with 15 bytes took 1ms
06:22:12.215 200 GET /api/health-check with 15 bytes took 0ms
06:22:42.396 200 GET /api/health-check with 15 bytes took 0ms
06:23:12.567 200 GET /api/health-check with 15 bytes took 1ms
06:23:42.738 200 GET /api/health-check with 15 bytes took 0ms
06:24:12.909 200 GET /api/health-check with 15 bytes took 0ms
06:24:43.114 200 GET /api/health-check with 15 bytes took 0ms
06:25:13.272 200 GET /api/health-check with 15 bytes took 1ms
06:25:43.443 200 GET /api/health-check with 15 bytes took 0ms
06:26:13.605 200 GET /api/health-check with 15 bytes took 1ms
06:26:43.772 200 GET /api/health-check with 15 bytes took 0ms
06:27:13.953 200 GET /api/health-check with 15 bytes took 0ms
06:27:44.134 200 GET /api/health-check with 15 bytes took 0ms
06:28:14.318 200 GET /api/health-check with 15 bytes took 0ms
06:28:44.509 200 GET /api/health-check with 15 bytes took 1ms
06:29:14.664 200 GET /api/health-check with 15 bytes took 0ms
06:29:44.838 200 GET /api/health-check with 15 bytes took 1ms
06:30:15.000 200 GET /api/health-check with 15 bytes took 0ms
06:30:45.153 200 GET /api/health-check with 15 bytes took 1ms
06:31:15.318 200 GET /api/health-check with 15 bytes took 1ms
06:31:45.492 200 GET /api/health-check with 15 bytes took 1ms
06:32:15.655 200 GET /api/health-check with 15 bytes took 1ms
06:32:45.822 200 GET /api/health-check with 15 bytes took 0ms
06:32:58.349 Table counts: notes: 429, revisions: 18, attachments: 18, branches: 443, attributes: 751, etapi_tokens: 0, blobs: 146
06:32:58.388 All consistency checks passed with no errors detected (took 44ms)
06:33:15.971 200 GET /api/health-check with 15 bytes took 0ms
06:33:46.142 200 GET /api/health-check with 15 bytes took 0ms
06:34:16.308 200 GET /api/health-check with 15 bytes took 0ms
06:34:46.485 200 GET /api/health-check with 15 bytes took 1ms
06:35:16.659 200 GET /api/health-check with 15 bytes took 0ms
06:35:46.831 200 GET /api/health-check with 15 bytes took 0ms
06:36:17.002 200 GET /api/health-check with 15 bytes took 0ms
06:36:47.167 200 GET /api/health-check with 15 bytes took 0ms
06:37:17.315 200 GET /api/health-check with 15 bytes took 0ms
06:37:47.488 200 GET /api/health-check with 15 bytes took 0ms
06:38:17.646 200 GET /api/health-check with 15 bytes took 0ms
06:38:47.863 200 GET /api/health-check with 15 bytes took 0ms
06:39:18.016 200 GET /api/health-check with 15 bytes took 0ms
06:39:48.182 200 GET /api/health-check with 15 bytes took 0ms
06:40:18.351 200 GET /api/health-check with 15 bytes took 0ms
06:40:48.547 200 GET /api/health-check with 15 bytes took 0ms
06:41:18.723 200 GET /api/health-check with 15 bytes took 1ms
06:41:48.881 200 GET /api/health-check with 15 bytes took 0ms
06:42:19.043 200 GET /api/health-check with 15 bytes took 0ms
06:42:49.221 200 GET /api/health-check with 15 bytes took 0ms
06:43:19.403 200 GET /api/health-check with 15 bytes took 0ms
06:43:49.592 200 GET /api/health-check with 15 bytes took 0ms
06:44:19.759 200 GET /api/health-check with 15 bytes took 0ms
06:44:49.931 200 GET /api/health-check with 15 bytes took 0ms
06:45:20.087 200 GET /api/health-check with 15 bytes took 1ms
06:45:50.245 200 GET /api/health-check with 15 bytes took 0ms
06:46:20.416 200 GET /api/health-check with 15 bytes took 1ms
06:46:50.582 200 GET /api/health-check with 15 bytes took 0ms
06:47:20.735 200 GET /api/health-check with 15 bytes took 0ms
06:47:50.912 200 GET /api/health-check with 15 bytes took 1ms
06:48:21.075 200 GET /api/health-check with 15 bytes took 0ms
06:48:51.274 200 GET /api/health-check with 15 bytes took 0ms
06:49:21.433 200 GET /api/health-check with 15 bytes took 1ms
06:49:51.599 200 GET /api/health-check with 15 bytes took 1ms
06:50:21.756 200 GET /api/health-check with 15 bytes took 0ms
06:50:51.906 200 GET /api/health-check with 15 bytes took 1ms
06:51:22.062 200 GET /api/health-check with 15 bytes took 1ms
06:51:52.206 200 GET /api/health-check with 15 bytes took 0ms
06:52:22.473 200 GET /api/health-check with 15 bytes took 1ms
06:52:52.701 200 GET /api/health-check with 15 bytes took 0ms
06:53:22.856 200 GET /api/health-check with 15 bytes took 0ms
06:53:53.016 200 GET /api/health-check with 15 bytes took 0ms
06:54:23.181 200 GET /api/health-check with 15 bytes took 0ms
06:54:53.348 200 GET /api/health-check with 15 bytes took 1ms
06:55:23.506 200 GET /api/health-check with 15 bytes took 1ms
06:55:53.654 200 GET /api/health-check with 15 bytes took 0ms
06:56:23.819 200 GET /api/health-check with 15 bytes took 0ms
06:56:54.006 200 GET /api/health-check with 15 bytes took 0ms
06:57:24.175 200 GET /api/health-check with 15 bytes took 0ms
06:57:54.344 200 GET /api/health-check with 15 bytes took 0ms
06:58:24.498 200 GET /api/health-check with 15 bytes took 0ms
06:58:54.676 200 GET /api/health-check with 15 bytes took 1ms
06:59:24.842 200 GET /api/health-check with 15 bytes took 0ms
06:59:55.012 200 GET /api/health-check with 15 bytes took 0ms
07:00:25.194 200 GET /api/health-check with 15 bytes took 0ms
07:00:55.353 200 GET /api/health-check with 15 bytes took 0ms
07:01:25.519 200 GET /api/health-check with 15 bytes took 0ms
07:01:55.723 200 GET /api/health-check with 15 bytes took 1ms
07:02:25.882 200 GET /api/health-check with 15 bytes took 0ms
07:02:56.054 200 GET /api/health-check with 15 bytes took 0ms
07:03:26.209 200 GET /api/health-check with 15 bytes took 1ms
07:03:56.374 200 GET /api/health-check with 15 bytes took 0ms
07:04:26.547 200 GET /api/health-check with 15 bytes took 0ms
07:04:56.694 200 GET /api/health-check with 15 bytes took 0ms
07:05:26.856 200 GET /api/health-check with 15 bytes took 0ms
07:05:57.018 200 GET /api/health-check with 15 bytes took 0ms
07:06:27.204 200 GET /api/health-check with 15 bytes took 1ms
07:06:57.454 200 GET /api/health-check with 15 bytes took 0ms
07:07:27.614 200 GET /api/health-check with 15 bytes took 0ms
07:07:57.766 200 GET /api/health-check with 15 bytes took 1ms
07:08:27.933 200 GET /api/health-check with 15 bytes took 0ms
07:08:58.106 200 GET /api/health-check with 15 bytes took 0ms
07:09:28.276 200 GET /api/health-check with 15 bytes took 1ms
07:09:58.434 200 GET /api/health-check with 15 bytes took 0ms
07:10:28.592 200 GET /api/health-check with 15 bytes took 1ms
07:10:58.728 200 GET /api/health-check with 15 bytes took 0ms
07:11:28.894 200 GET /api/health-check with 15 bytes took 0ms
07:11:59.038 200 GET /api/health-check with 15 bytes took 0ms
07:12:29.235 200 GET /api/health-check with 15 bytes took 0ms
07:12:59.402 200 GET /api/health-check with 15 bytes took 0ms
07:13:29.581 200 GET /api/health-check with 15 bytes took 0ms
07:13:59.727 200 GET /api/health-check with 15 bytes took 0ms
07:14:29.896 200 GET /api/health-check with 15 bytes took 0ms
07:15:00.080 200 GET /api/health-check with 15 bytes took 0ms
07:15:30.245 200 GET /api/health-check with 15 bytes took 0ms
07:16:00.402 200 GET /api/health-check with 15 bytes took 0ms
07:16:30.578 200 GET /api/health-check with 15 bytes took 1ms
07:17:00.755 200 GET /api/health-check with 15 bytes took 0ms
07:17:30.921 200 GET /api/health-check with 15 bytes took 0ms
07:18:01.109 200 GET /api/health-check with 15 bytes took 0ms
07:18:31.262 200 GET /api/health-check with 15 bytes took 0ms
07:19:01.430 200 GET /api/health-check with 15 bytes took 1ms
07:19:31.570 200 GET /api/health-check with 15 bytes took 0ms
07:20:01.746 200 GET /api/health-check with 15 bytes took 0ms
07:20:31.916 200 GET /api/health-check with 15 bytes took 1ms
07:21:02.071 200 GET /api/health-check with 15 bytes took 0ms
07:21:32.261 200 GET /api/health-check with 15 bytes took 0ms
07:22:02.407 200 GET /api/health-check with 15 bytes took 1ms
07:22:32.563 200 GET /api/health-check with 15 bytes took 0ms
07:23:02.726 200 GET /api/health-check with 15 bytes took 0ms
07:23:32.896 200 GET /api/health-check with 15 bytes took 0ms
07:24:03.072 200 GET /api/health-check with 15 bytes took 0ms
07:24:33.229 200 GET /api/health-check with 15 bytes took 0ms
07:25:03.406 200 GET /api/health-check with 15 bytes took 1ms
07:25:33.715 200 GET /api/health-check with 15 bytes took 1ms
07:26:03.875 200 GET /api/health-check with 15 bytes took 0ms
07:26:34.041 200 GET /api/health-check with 15 bytes took 1ms
07:27:04.200 200 GET /api/health-check with 15 bytes took 0ms
07:27:34.389 200 GET /api/health-check with 15 bytes took 1ms
07:28:04.553 200 GET /api/health-check with 15 bytes took 1ms
07:28:34.730 200 GET /api/health-check with 15 bytes took 0ms
07:29:04.899 200 GET /api/health-check with 15 bytes took 0ms
07:29:35.073 200 GET /api/health-check with 15 bytes took 0ms
07:30:05.231 200 GET /api/health-check with 15 bytes took 1ms
07:30:35.392 200 GET /api/health-check with 15 bytes took 0ms
07:31:05.572 200 GET /api/health-check with 15 bytes took 0ms
07:31:35.734 200 GET /api/health-check with 15 bytes took 1ms
07:32:05.898 200 GET /api/health-check with 15 bytes took 1ms
07:32:36.073 200 GET /api/health-check with 15 bytes took 0ms
07:32:58.352 Table counts: notes: 429, revisions: 18, attachments: 18, branches: 443, attributes: 751, etapi_tokens: 0, blobs: 146
07:32:58.378 All consistency checks passed with no errors detected (took 31ms)
07:33:06.228 200 GET /api/health-check with 15 bytes took 0ms
07:33:36.395 200 GET /api/health-check with 15 bytes took 0ms
07:34:06.583 200 GET /api/health-check with 15 bytes took 0ms
07:34:36.748 200 GET /api/health-check with 15 bytes took 0ms
07:35:06.921 200 GET /api/health-check with 15 bytes took 0ms
07:35:37.090 200 GET /api/health-check with 15 bytes took 0ms
07:36:07.260 200 GET /api/health-check with 15 bytes took 1ms
07:36:37.422 200 GET /api/health-check with 15 bytes took 1ms
07:37:07.603 200 GET /api/health-check with 15 bytes took 0ms
07:37:37.782 200 GET /api/health-check with 15 bytes took 1ms
07:38:07.932 200 GET /api/health-check with 15 bytes took 0ms
07:38:38.082 200 GET /api/health-check with 15 bytes took 1ms
07:39:08.260 200 GET /api/health-check with 15 bytes took 1ms
07:39:38.534 200 GET /api/health-check with 15 bytes took 0ms
07:40:08.712 200 GET /api/health-check with 15 bytes took 1ms
07:40:38.878 200 GET /api/health-check with 15 bytes took 1ms
07:41:09.062 200 GET /api/health-check with 15 bytes took 1ms
07:41:39.205 200 GET /api/health-check with 15 bytes took 0ms
07:42:09.381 200 GET /api/health-check with 15 bytes took 1ms
07:42:39.610 200 GET /api/health-check with 15 bytes took 1ms
07:43:09.796 200 GET /api/health-check with 15 bytes took 1ms
07:43:39.972 200 GET /api/health-check with 15 bytes took 0ms
07:44:10.141 200 GET /api/health-check with 15 bytes took 0ms
07:44:40.325 200 GET /api/health-check with 15 bytes took 0ms
07:45:10.490 200 GET /api/health-check with 15 bytes took 1ms
07:45:40.650 200 GET /api/health-check with 15 bytes took 0ms
07:46:10.826 200 GET /api/health-check with 15 bytes took 1ms
07:46:40.986 200 GET /api/health-check with 15 bytes took 0ms
07:47:11.169 200 GET /api/health-check with 15 bytes took 1ms
07:47:41.345 200 GET /api/health-check with 15 bytes took 0ms
07:48:11.519 200 GET /api/health-check with 15 bytes took 1ms
07:48:41.715 200 GET /api/health-check with 15 bytes took 0ms
07:49:11.952 200 GET /api/health-check with 15 bytes took 1ms
07:49:42.107 200 GET /api/health-check with 15 bytes took 1ms
07:50:12.293 200 GET /api/health-check with 15 bytes took 0ms
07:50:42.447 200 GET /api/health-check with 15 bytes took 0ms
07:51:12.611 200 GET /api/health-check with 15 bytes took 1ms
07:51:42.764 200 GET /api/health-check with 15 bytes took 1ms
07:52:12.919 200 GET /api/health-check with 15 bytes took 0ms
07:52:43.079 200 GET /api/health-check with 15 bytes took 0ms
07:53:13.228 200 GET /api/health-check with 15 bytes took 0ms
07:53:43.401 200 GET /api/health-check with 15 bytes took 0ms
07:54:13.569 200 GET /api/health-check with 15 bytes took 0ms
07:54:43.727 200 GET /api/health-check with 15 bytes took 0ms
07:55:13.901 200 GET /api/health-check with 15 bytes took 1ms
07:55:44.059 200 GET /api/health-check with 15 bytes took 1ms
07:56:14.206 200 GET /api/health-check with 15 bytes took 0ms
07:56:44.370 200 GET /api/health-check with 15 bytes took 0ms
07:57:14.527 200 GET /api/health-check with 15 bytes took 0ms
07:57:44.702 200 GET /api/health-check with 15 bytes took 0ms
07:58:14.895 200 GET /api/health-check with 15 bytes took 0ms
07:58:45.066 200 GET /api/health-check with 15 bytes took 0ms
07:59:15.220 200 GET /api/health-check with 15 bytes took 0ms
07:59:45.372 200 GET /api/health-check with 15 bytes took 0ms
08:00:15.514 200 GET /api/health-check with 15 bytes took 1ms
08:00:45.671 200 GET /api/health-check with 15 bytes took 0ms
08:01:15.843 200 GET /api/health-check with 15 bytes took 1ms
08:01:46.042 200 GET /api/health-check with 15 bytes took 0ms
08:02:16.216 200 GET /api/health-check with 15 bytes took 1ms
08:02:46.377 200 GET /api/health-check with 15 bytes took 0ms
08:03:16.641 200 GET /api/health-check with 15 bytes took 0ms
08:03:46.803 200 GET /api/health-check with 15 bytes took 0ms
08:04:17.007 200 GET /api/health-check with 15 bytes took 0ms
08:04:47.171 200 GET /api/health-check with 15 bytes took 0ms
08:05:17.335 200 GET /api/health-check with 15 bytes took 0ms
08:05:47.510 200 GET /api/health-check with 15 bytes took 0ms
08:06:17.683 200 GET /api/health-check with 15 bytes took 1ms
08:06:47.896 200 GET /api/health-check with 15 bytes took 1ms
08:07:18.061 200 GET /api/health-check with 15 bytes took 1ms
08:07:48.311 200 GET /api/health-check with 15 bytes took 0ms
08:08:18.482 200 GET /api/health-check with 15 bytes took 1ms
08:08:48.651 200 GET /api/health-check with 15 bytes took 1ms
08:09:18.826 200 GET /api/health-check with 15 bytes took 0ms
08:09:48.994 200 GET /api/health-check with 15 bytes took 0ms
08:10:19.163 200 GET /api/health-check with 15 bytes took 1ms
08:10:49.335 200 GET /api/health-check with 15 bytes took 0ms
08:11:19.487 200 GET /api/health-check with 15 bytes took 1ms
08:11:49.646 200 GET /api/health-check with 15 bytes took 1ms
08:12:19.801 200 GET /api/health-check with 15 bytes took 0ms
08:12:50.052 200 GET /api/health-check with 15 bytes took 1ms
08:13:20.228 200 GET /api/health-check with 15 bytes took 1ms
08:13:50.375 200 GET /api/health-check with 15 bytes took 1ms
08:14:20.527 200 GET /api/health-check with 15 bytes took 0ms
08:14:50.677 200 GET /api/health-check with 15 bytes took 0ms
08:15:20.856 200 GET /api/health-check with 15 bytes took 0ms
08:15:51.019 200 GET /api/health-check with 15 bytes took 0ms
08:16:21.177 200 GET /api/health-check with 15 bytes took 1ms
08:16:51.349 200 GET /api/health-check with 15 bytes took 0ms
08:17:21.524 200 GET /api/health-check with 15 bytes took 1ms
08:17:51.697 200 GET /api/health-check with 15 bytes took 0ms
08:18:21.858 200 GET /api/health-check with 15 bytes took 0ms
08:18:52.025 200 GET /api/health-check with 15 bytes took 0ms
08:19:22.178 200 GET /api/health-check with 15 bytes took 0ms
08:19:52.350 200 GET /api/health-check with 15 bytes took 0ms
08:20:22.520 200 GET /api/health-check with 15 bytes took 0ms
08:20:52.694 200 GET /api/health-check with 15 bytes took 0ms
08:21:22.861 200 GET /api/health-check with 15 bytes took 1ms
08:21:53.010 200 GET /api/health-check with 15 bytes took 0ms
08:22:23.215 200 GET /api/health-check with 15 bytes took 1ms
08:22:53.382 200 GET /api/health-check with 15 bytes took 0ms
08:23:23.538 200 GET /api/health-check with 15 bytes took 0ms
08:23:53.702 200 GET /api/health-check with 15 bytes took 0ms
08:24:23.893 200 GET /api/health-check with 15 bytes took 0ms
08:24:54.058 200 GET /api/health-check with 15 bytes took 0ms
08:25:24.221 200 GET /api/health-check with 15 bytes took 0ms
08:25:54.399 200 GET /api/health-check with 15 bytes took 0ms
08:26:24.588 200 GET /api/health-check with 15 bytes took 0ms
08:26:54.752 200 GET /api/health-check with 15 bytes took 0ms
08:27:24.903 200 GET /api/health-check with 15 bytes took 0ms
08:27:55.067 200 GET /api/health-check with 15 bytes took 0ms
08:28:25.228 200 GET /api/health-check with 15 bytes took 1ms
08:28:55.398 200 GET /api/health-check with 15 bytes took 0ms
08:29:25.573 200 GET /api/health-check with 15 bytes took 0ms
08:29:55.731 200 GET /api/health-check with 15 bytes took 0ms
08:30:25.907 200 GET /api/health-check with 15 bytes took 0ms
08:30:56.061 200 GET /api/health-check with 15 bytes took 0ms
08:31:26.283 200 GET /api/health-check with 15 bytes took 0ms
08:31:56.453 200 GET /api/health-check with 15 bytes took 0ms
08:32:26.627 200 GET /api/health-check with 15 bytes took 1ms
08:32:56.790 200 GET /api/health-check with 15 bytes took 1ms
08:32:57.804 Optimizing database
08:32:57.807 Optimization finished in 3ms.
08:32:58.353 Table counts: notes: 429, revisions: 18, attachments: 18, branches: 443, attributes: 751, etapi_tokens: 0, blobs: 146
08:32:58.384 All consistency checks passed with no errors detected (took 36ms)
08:33:26.961 200 GET /api/health-check with 15 bytes took 0ms
08:33:57.129 200 GET /api/health-check with 15 bytes took 0ms
08:34:27.304 200 GET /api/health-check with 15 bytes took 0ms
08:34:57.476 200 GET /api/health-check with 15 bytes took 0ms
08:35:27.645 200 GET /api/health-check with 15 bytes took 0ms
08:35:57.800 200 GET /api/health-check with 15 bytes took 0ms
08:36:27.958 200 GET /api/health-check with 15 bytes took 0ms
08:36:58.134 200 GET /api/health-check with 15 bytes took 1ms
08:37:28.291 200 GET /api/health-check with 15 bytes took 1ms
08:37:58.506 200 GET /api/health-check with 15 bytes took 0ms
08:38:28.679 200 GET /api/health-check with 15 bytes took 0ms
08:38:58.851 200 GET /api/health-check with 15 bytes took 0ms
08:39:29.018 200 GET /api/health-check with 15 bytes took 0ms
08:39:59.179 200 GET /api/health-check with 15 bytes took 1ms
08:40:29.331 200 GET /api/health-check with 15 bytes took 0ms
08:40:59.512 200 GET /api/health-check with 15 bytes took 1ms
08:41:29.687 200 GET /api/health-check with 15 bytes took 1ms
08:41:59.859 200 GET /api/health-check with 15 bytes took 0ms
08:42:30.033 200 GET /api/health-check with 15 bytes took 1ms
08:43:00.189 200 GET /api/health-check with 15 bytes took 0ms
08:43:30.346 200 GET /api/health-check with 15 bytes took 0ms
08:44:00.509 200 GET /api/health-check with 15 bytes took 0ms
08:44:30.685 200 GET /api/health-check with 15 bytes took 0ms
08:45:00.841 200 GET /api/health-check with 15 bytes took 0ms
08:45:31.011 200 GET /api/health-check with 15 bytes took 1ms
08:46:01.182 200 GET /api/health-check with 15 bytes took 0ms
08:46:31.375 200 GET /api/health-check with 15 bytes took 1ms
08:47:01.539 200 GET /api/health-check with 15 bytes took 0ms
08:47:31.743 200 GET /api/health-check with 15 bytes took 0ms
08:48:01.901 200 GET /api/health-check with 15 bytes took 1ms
08:48:32.055 200 GET /api/health-check with 15 bytes took 0ms
08:49:02.208 200 GET /api/health-check with 15 bytes took 0ms
08:49:32.378 200 GET /api/health-check with 15 bytes took 0ms
08:50:02.535 200 GET /api/health-check with 15 bytes took 0ms
08:50:32.708 200 GET /api/health-check with 15 bytes took 0ms
08:51:02.873 200 GET /api/health-check with 15 bytes took 0ms
08:51:33.036 200 GET /api/health-check with 15 bytes took 0ms
08:52:03.195 200 GET /api/health-check with 15 bytes took 0ms
08:52:33.358 200 GET /api/health-check with 15 bytes took 0ms
08:53:03.511 200 GET /api/health-check with 15 bytes took 0ms
08:53:33.672 200 GET /api/health-check with 15 bytes took 0ms
08:54:03.858 200 GET /api/health-check with 15 bytes took 1ms
08:54:34.026 200 GET /api/health-check with 15 bytes took 1ms
08:55:04.174 200 GET /api/health-check with 15 bytes took 0ms
08:55:34.331 200 GET /api/health-check with 15 bytes took 0ms
08:56:04.523 200 GET /api/health-check with 15 bytes took 0ms
08:56:34.704 200 GET /api/health-check with 15 bytes took 1ms
08:57:04.894 200 GET /api/health-check with 15 bytes took 1ms
08:57:35.076 200 GET /api/health-check with 15 bytes took 0ms
08:58:05.243 200 GET /api/health-check with 15 bytes took 0ms
08:58:35.398 200 GET /api/health-check with 15 bytes took 0ms
08:59:05.591 200 GET /api/health-check with 15 bytes took 0ms
08:59:35.890 200 GET /api/health-check with 15 bytes took 0ms
09:00:06.046 200 GET /api/health-check with 15 bytes took 0ms
09:00:36.202 200 GET /api/health-check with 15 bytes took 1ms
09:01:06.364 200 GET /api/health-check with 15 bytes took 0ms
09:01:36.521 200 GET /api/health-check with 15 bytes took 1ms
09:02:06.683 200 GET /api/health-check with 15 bytes took 0ms
09:02:36.862 200 GET /api/health-check with 15 bytes took 0ms
09:03:07.038 200 GET /api/health-check with 15 bytes took 0ms
09:03:37.220 200 GET /api/health-check with 15 bytes took 0ms
09:04:07.463 200 GET /api/health-check with 15 bytes took 1ms
09:04:37.610 200 GET /api/health-check with 15 bytes took 1ms
09:05:07.767 200 GET /api/health-check with 15 bytes took 0ms
09:05:37.924 200 GET /api/health-check with 15 bytes took 1ms
09:06:08.101 200 GET /api/health-check with 15 bytes took 0ms
09:06:38.268 200 GET /api/health-check with 15 bytes took 0ms
09:07:08.444 200 GET /api/health-check with 15 bytes took 0ms
09:07:38.612 200 GET /api/health-check with 15 bytes took 0ms
09:08:08.765 200 GET /api/health-check with 15 bytes took 0ms
09:08:38.926 200 GET /api/health-check with 15 bytes took 0ms
09:09:09.096 200 GET /api/health-check with 15 bytes took 1ms
09:09:39.263 200 GET /api/health-check with 15 bytes took 1ms
09:10:09.423 200 GET /api/health-check with 15 bytes took 1ms
09:10:39.605 200 GET /api/health-check with 15 bytes took 1ms
09:11:09.756 200 GET /api/health-check with 15 bytes took 0ms
09:11:39.926 200 GET /api/health-check with 15 bytes took 0ms
09:12:10.077 200 GET /api/health-check with 15 bytes took 0ms
09:12:40.240 200 GET /api/health-check with 15 bytes took 0ms
09:13:10.391 200 GET /api/health-check with 15 bytes took 1ms
09:13:40.666 200 GET /api/health-check with 15 bytes took 0ms
09:14:10.831 200 GET /api/health-check with 15 bytes took 1ms
09:14:41.002 200 GET /api/health-check with 15 bytes took 0ms
09:15:11.171 200 GET /api/health-check with 15 bytes took 1ms
09:15:41.333 200 GET /api/health-check with 15 bytes took 0ms
09:16:11.499 200 GET /api/health-check with 15 bytes took 0ms
09:16:41.664 200 GET /api/health-check with 15 bytes took 0ms
